[2018-11-23 08:32:31] local.ERROR: Class 'Anhskohbo\NoCaptcha\NoCaptchaServiceProvider' not found {"exception":"[object] (Symfony\\Component\\Debug\\Exception\\FatalThrowableError(code: 0): Class 'Anhskohbo\\NoCaptcha\\NoCaptchaServiceProvider' not found at C:\\xampp\\htdocs\\ict-engineering.bg\\vendor\\laravel\\framework\\src\\Illuminate\\Foundation\\ProviderRepository.php:208)
[stacktrace]
#0 C:\\xampp\\htdocs\\ict-engineering.bg\\vendor\\laravel\\framework\\src\\Illuminate\\Foundation\\ProviderRepository.php(144): Illuminate\\Foundation\\ProviderRepository->createProvider('Anhskohbo\\\\NoCap...')
#1 C:\\xampp\\htdocs\\ict-engineering.bg\\vendor\\laravel\\framework\\src\\Illuminate\\Foundation\\ProviderRepository.php(61): Illuminate\\Foundation\\ProviderRepository->compileManifest(Array)
#2 C:\\xampp\\htdocs\\ict-engineering.bg\\vendor\\laravel\\framework\\src\\Illuminate\\Foundation\\Application.php(550): Illuminate\\Foundation\\ProviderRepository->load(Array)
#3 C:\\xampp\\htdocs\\ict-engineering.bg\\vendor\\laravel\\framework\\src\\Illuminate\\Foundation\\Bootstrap\\RegisterProviders.php(17): Illuminate\\Foundation\\Application->registerConfiguredProviders()
#4 C:\\xampp\\htdocs\\ict-engineering.bg\\vendor\\laravel\\framework\\src\\Illuminate\\Foundation\\Application.php(204): Illuminate\\Foundation\\Bootstrap\\RegisterProviders->bootstrap(Object(Illuminate\\Foundation\\Application))
#5 C:\\xampp\\htdocs\\ict-engineering.bg\\vendor\\laravel\\framework\\src\\Illuminate\\Foundation\\Console\\Kernel.php(297): Illuminate\\Foundation\\Application->bootstrapWith(Array)
#6 C:\\xampp\\htdocs\\ict-engineering.bg\\vendor\\laravel\\framework\\src\\Illuminate\\Foundation\\Console\\Kernel.php(120): Illuminate\\Foundation\\Console\\Kernel->bootstrap()
#7 C:\\xampp\\htdocs\\ict-engineering.bg\\artisan(37): Illuminate\\Foundation\\Console\\Kernel->handle(Object(Symfony\\Component\\Console\\Input\\ArgvInput), Object(Symfony\\Component\\Console\\Output\\ConsoleOutput))
#8 {main}
"} 
[2018-11-23 09:17:57] local.ERROR: Aborted {"exception":"[object] (Symfony\\Component\\Console\\Exception\\RuntimeException(code: 0): Aborted at C:\\xampp\\htdocs\\ict-engineering.bg\\vendor\\symfony\\console\\Helper\\QuestionHelper.php:129)
[stacktrace]
#0 C:\\xampp\\htdocs\\ict-engineering.bg\\vendor\\symfony\\console\\Helper\\QuestionHelper.php(74): Symfony\\Component\\Console\\Helper\\QuestionHelper->doAsk(Object(Symfony\\Component\\Console\\Style\\SymfonyStyle), Object(Symfony\\Component\\Console\\Question\\ConfirmationQuestion))
#1 C:\\xampp\\htdocs\\ict-engineering.bg\\vendor\\symfony\\console\\Style\\SymfonyStyle.php(294): Symfony\\Component\\Console\\Helper\\QuestionHelper->ask(Object(Symfony\\Component\\Console\\Input\\ArgvInput), Object(Symfony\\Component\\Console\\Style\\SymfonyStyle), Object(Symfony\\Component\\Console\\Question\\ConfirmationQuestion))
#2 C:\\xampp\\htdocs\\ict-engineering.bg\\vendor\\symfony\\console\\Style\\SymfonyStyle.php(222): Symfony\\Component\\Console\\Style\\SymfonyStyle->askQuestion(Object(Symfony\\Component\\Console\\Question\\ConfirmationQuestion))
#3 C:\\xampp\\htdocs\\ict-engineering.bg\\vendor\\symfony\\console\\Application.php(247): Symfony\\Component\\Console\\Style\\SymfonyStyle->confirm('Do you want to ...', false)
#4 C:\\xampp\\htdocs\\ict-engineering.bg\\vendor\\symfony\\console\\Application.php(145): Symfony\\Component\\Console\\Application->doRun(Object(Symfony\\Component\\Console\\Input\\ArgvInput), Object(Symfony\\Component\\Console\\Output\\ConsoleOutput))
#5 C:\\xampp\\htdocs\\ict-engineering.bg\\vendor\\laravel\\framework\\src\\Illuminate\\Console\\Application.php(89): Symfony\\Component\\Console\\Application->run(Object(Symfony\\Component\\Console\\Input\\ArgvInput), Object(Symfony\\Component\\Console\\Output\\ConsoleOutput))
#6 C:\\xampp\\htdocs\\ict-engineering.bg\\vendor\\laravel\\framework\\src\\Illuminate\\Foundation\\Console\\Kernel.php(122): Illuminate\\Console\\Application->run(Object(Symfony\\Component\\Console\\Input\\ArgvInput), Object(Symfony\\Component\\Console\\Output\\ConsoleOutput))
#7 C:\\xampp\\htdocs\\ict-engineering.bg\\artisan(37): Illuminate\\Foundation\\Console\\Kernel->handle(Object(Symfony\\Component\\Console\\Input\\ArgvInput), Object(Symfony\\Component\\Console\\Output\\ConsoleOutput))
#8 {main}
"} 
